{"lever":"info","time":"2022-03-24T17:09:55.217+0800","key":"32434"}
{"lever":"debug","time":"2022-03-24T17:09:55.218+0800"}
{"lever":"info","time":"2022-03-24T17:10:36.914+0800","key":"32434"}
{"lever":"debug","time":"2022-03-24T17:10:36.915+0800"}
{"lever":"info","time":"2022-03-24T17:16:41.168+0800","pro":"begin"}
{"lever":"info","time":"2022-03-24T17:18:16+08:00","pro":"begin"}
{"lever":"debug","time":"2022-03-24T17:26:11+08:00"}
{"lever":"info","time":"2022-03-24T17:26:11+08:00","pro":"23434234234"}
{"lever":"debug","time":"2022-03-24T17:26:41+08:00"}
{"lever":"debug","time":"2022-03-24T18:41:41+08:00"}
{"lever":"debug","time":"2022-03-24T18:47:45+08:00"}
{"lever":"info","time":"2022-03-24T18:48:04+08:00","pro":"23434234234"}
{"lever":"info","time":"2022-03-24T18:48:04+08:00","pro":"23434234234"}
{"lever":"info","time":"2022-03-24T18:48:17+08:00","pro":"23434234234"}
{"lever":"info","time":"2022-03-24T18:48:17+08:00","pro":"23434234234"}
{"lever":"info","time":"2022-03-24T18:48:20+08:00","pro":"23434234234"}
{"lever":"info","time":"2022-03-24T18:48:20+08:00","pro":"23434234234"}
{"lever":"debug","time":"2022-03-24T18:49:00+08:00"}
{"lever":"info","time":"2022-03-24T18:49:00+08:00","pro":"23434234234"}
{"lever":"info","time":"2022-03-24T18:49:00+08:00","pro":"23434234234"}
{"lever":"debug","time":"2022-03-24T18:50:42+08:00"}
{"lever":"info","time":"2022-03-24T18:50:42+08:00","pro":"23434234234"}
{"lever":"info","time":"2022-03-24T18:50:42+08:00","pro":"23434234234"}
{"lever":"debug","time":"2022-03-24T18:51:14+08:00"}
{"lever":"info","time":"2022-03-24T18:51:14+08:00","pro":"23434234234"}
{"lever":"info","time":"2022-03-24T18:51:14+08:00","pro":"23434234234"}
{"time1":1648119273908104000}
{"time1":1648119273908191000,"pro":"23434234234"}
{"time1":1648119273908203000,"pro":"23434234234"}
{"time":1648119294368636000}
{"time":1648119294368729000,"pro":"23434234234"}
{"time":1648119294368738000,"pro":"23434234234"}
{"lever":"debug","time":"2022-03-24T18:59:04+08:00"}
{"lever":"info","time":"2022-03-24T18:59:04+08:00","pro":"23434234234"}
{"lever":"info","time":"2022-03-24T18:59:04+08:00","pro":"23434234234"}
{"lever":"info","time":"2022-03-24T19:00:09+08:00","pro":"23434234234"}
{"lever":"info","time":"2022-03-24T19:00:09+08:00","pro":"23434234234"}
{"lever":"info","time":"2022-03-25T10:28:19+08:00","pro":"23434234234"}
{"lever":"info","time":"2022-03-25T10:28:19+08:00","pro":"23434234234"}
